<?xml version="1.0" encoding="UTF-8"?>
<!-- Generated by org.testng.reporters.JUnitReportReporter -->
<testsuite hostname="ADMINRG-C5P4Q8Q" failures="0" tests="1" name="testcases.ReadAllProducts" time="2.597" errors="0" timestamp="25 Apr 2023 14:04:07 GMT" skipped="0">
  <testcase classname="testcases.ReadAllProducts" name="readAllProducts" time="2.597"/>
</testsuite> <!-- testcases.ReadAllProducts -->
