<?xml version="1.0" encoding="UTF-8"?>
<!-- Generated by org.testng.reporters.JUnitReportReporter -->
<testsuite hostname="ADMINRG-C5P4Q8Q" failures="0" tests="1" name="testcases.ReadOneProduct" time="2.451" errors="0" timestamp="26 Apr 2023 23:55:25 GMT" skipped="0">
  <testcase classname="testcases.ReadOneProduct" name="readOneProduct" time="2.451"/>
</testsuite> <!-- testcases.ReadOneProduct -->
